  Source.cpp
c:\users\оксана\desktop\ейкстра на уче\ейкстра на уче\source.cpp(69): warning C4018: <: несоответствие типов со знаком и без знака
c:\users\оксана\desktop\ейкстра на уче\ейкстра на уче\source.cpp(70): warning C4018: <: несоответствие типов со знаком и без знака
c:\users\оксана\desktop\ейкстра на уче\ейкстра на уче\source.cpp(74): warning C4018: <: несоответствие типов со знаком и без знака
c:\users\оксана\desktop\ейкстра на уче\ейкстра на уче\source.cpp(75): warning C4018: <: несоответствие типов со знаком и без знака
c:\users\оксана\desktop\ейкстра на уче\ейкстра на уче\source.cpp(172): warning C4244: return: преобразование "unsigned __int64" в "int", возможна потеря данных
c:\users\оксана\desktop\ейкстра на уче\ейкстра на уче\source.cpp(177): warning C4244: инициализация: преобразование "unsigned __int64" в "int", возможна потеря данных
c:\users\оксана\desktop\ейкстра на уче\ейкстра на уче\source.cpp(181): warning C4244: инициализация: преобразование "unsigned __int64" в "unsigned int", возможна потеря данных
c:\users\оксана\desktop\ейкстра на уче\ейкстра на уче\source.cpp(232): warning C4244: аргумент: преобразование "unsigned __int64" в "int", возможна потеря данных
c:\users\оксана\desktop\ейкстра на уче\ейкстра на уче\source.cpp(235): warning C4244: аргумент: преобразование "unsigned __int64" в "int", возможна потеря данных
c:\users\оксана\desktop\ейкстра на уче\ейкстра на уче\source.cpp(276): warning C4244: аргумент: преобразование "unsigned __int64" в "int", возможна потеря данных
c:\users\оксана\desktop\ейкстра на уче\ейкстра на уче\source.cpp(285): warning C4244: аргумент: преобразование "unsigned __int64" в "int", возможна потеря данных
c:\users\оксана\desktop\ейкстра на уче\ейкстра на уче\source.cpp(291): warning C4244: аргумент: преобразование "unsigned __int64" в "int", возможна потеря данных
c:\users\оксана\desktop\ейкстра на уче\ейкстра на уче\source.cpp(299): warning C4244: аргумент: преобразование "unsigned __int64" в "int", возможна потеря данных
c:\users\оксана\desktop\ейкстра на уче\ейкстра на уче\source.cpp(301): warning C4244: аргумент: преобразование "unsigned __int64" в "int", возможна потеря данных
c:\users\оксана\desktop\ейкстра на уче\ейкстра на уче\source.cpp(313): warning C4244: return: преобразование "unsigned __int64" в "int", возможна потеря данных
c:\users\оксана\desktop\ейкстра на уче\ейкстра на уче\source.cpp(489): warning C4244: аргумент: преобразование "unsigned __int64" в "unsigned int", возможна потеря данных
c:\users\оксана\desktop\ейкстра на уче\ейкстра на уче\source.cpp(489): warning C4244: инициализация: преобразование "unsigned __int64" в "unsigned int", возможна потеря данных
c:\users\оксана\desktop\ейкстра на уче\ейкстра на уче\source.cpp(490): warning C4244: аргумент: преобразование "unsigned __int64" в "unsigned int", возможна потеря данных
c:\users\оксана\desktop\ейкстра на уче\ейкстра на уче\source.cpp(491): warning C4244: аргумент: преобразование "unsigned __int64" в "unsigned int", возможна потеря данных
c:\users\оксана\desktop\ейкстра на уче\ейкстра на уче\source.cpp(492): warning C4244: аргумент: преобразование "unsigned __int64" в "unsigned int", возможна потеря данных
c:\users\оксана\desktop\ейкстра на уче\ейкстра на уче\source.cpp(493): warning C4244: аргумент: преобразование "unsigned __int64" в "unsigned int", возможна потеря данных
  ейкстра на уче.vcxproj -> C:\Users\Оксана\Desktop\ейкстра на уче\Debug\ейкстра на уче.exe
  ейкстра на уче.vcxproj -> C:\Users\Оксана\Desktop\ейкстра на уче\Debug\ейкстра на уче.pdb (Partial PDB)
